<?xml version="1.0" encoding="UTF-8"?>
<testng-results ignored="0" total="1" passed="1" failed="0" skipped="0">
  <reporter-output>
    <line>
      <![CDATA[Create Customee]]>
    </line>
  </reporter-output>
  <suite started-at="2023-08-24T08:24:02 IST" name="Default suite" finished-at="2023-08-24T08:24:27 IST" duration-ms="25068">
    <groups>
    </groups>
    <test started-at="2023-08-24T08:24:02 IST" name="Default test" finished-at="2023-08-24T08:24:27 IST" duration-ms="25068">
      <class name="com.actitime.testscript.CustomerModule">
        <test-method is-config="true" signature="openBrowser()[pri:0, instance:com.actitime.testscript.CustomerModule@4cc451f2]" started-at="2023-08-24T08:24:02 IST" name="openBrowser" finished-at="2023-08-24T08:24:05 IST" duration-ms="2785" status="PASS">
          <reporter-output>
          </reporter-output>
        </test-method> <!-- openBrowser -->
        <test-method is-config="true" signature="login()[pri:0, instance:com.actitime.testscript.CustomerModule@4cc451f2]" started-at="2023-08-24T08:24:05 IST" name="login" finished-at="2023-08-24T08:24:13 IST" duration-ms="8366" status="PASS">
          <reporter-output>
          </reporter-output>
        </test-method> <!-- login -->
        <test-method signature="testCreateCustomer()[pri:0, instance:com.actitime.testscript.CustomerModule@4cc451f2]" started-at="2023-08-24T08:24:13 IST" name="testCreateCustomer" finished-at="2023-08-24T08:24:25 IST" duration-ms="11544" status="PASS">
          <reporter-output>
            <line>
              <![CDATA[Create Customee]]>
            </line>
          </reporter-output>
        </test-method> <!-- testCreateCustomer -->
        <test-method is-config="true" signature="logout()[pri:0, instance:com.actitime.testscript.CustomerModule@4cc451f2]" started-at="2023-08-24T08:24:25 IST" name="logout" finished-at="2023-08-24T08:24:27 IST" duration-ms="1923" status="PASS">
          <reporter-output>
          </reporter-output>
        </test-method> <!-- logout -->
        <test-method is-config="true" signature="closeBrowser()[pri:0, instance:com.actitime.testscript.CustomerModule@4cc451f2]" started-at="2023-08-24T08:24:27 IST" name="closeBrowser" finished-at="2023-08-24T08:24:27 IST" duration-ms="377" status="PASS">
          <reporter-output>
          </reporter-output>
        </test-method> <!-- closeBrowser -->
      </class> <!-- com.actitime.testscript.CustomerModule -->
    </test> <!-- Default test -->
  </suite> <!-- Default suite -->
</testng-results>
