<?xml version="1.0" encoding="UTF-8"?>
<testng-results ignored="0" total="1" passed="1" failed="0" skipped="0">
  <reporter-output>
  </reporter-output>
  <suite started-at="2023-07-19T23:07:23 IST" name="Default suite" finished-at="2023-07-19T23:07:31 IST" duration-ms="7827">
    <groups>
    </groups>
    <test started-at="2023-07-19T23:07:23 IST" name="Default test" finished-at="2023-07-19T23:07:31 IST" duration-ms="7827">
      <class name="pageobjectmodel.LoginPage">
        <test-method signature="login()[pri:0, instance:pageobjectmodel.LoginPage@59fd97a8]" started-at="2023-07-19T23:07:23 IST" name="login" finished-at="2023-07-19T23:07:31 IST" duration-ms="7797" status="PASS">
          <reporter-output>
          </reporter-output>
        </test-method> <!-- login -->
      </class> <!-- pageobjectmodel.LoginPage -->
    </test> <!-- Default test -->
  </suite> <!-- Default suite -->
</testng-results>
